{"numFailedTestSuites":0,"numFailedTests":0,"numPassedTestSuites":1,"numPassedTests":5,"numPendingTestSuites":0,"numPendingTests":0,"numRuntimeErrorTestSuites":0,"numTodoTests":0,"numTotalTestSuites":1,"numTotalTests":5,"openHandles":[],"snapshot":{"added":0,"didUpdate":false,"failure":false,"filesAdded":0,"filesRemoved":0,"filesRemovedList":[],"filesUnmatched":0,"filesUpdated":0,"matched":0,"total":0,"unchecked":0,"uncheckedKeysByFile":[],"unmatched":0,"updated":0},"startTime":1756932082068,"success":true,"testResults":[{"assertionResults":[{"ancestorTitles":["Button"],"duration":199,"failing":false,"failureDetails":[],"failureMessages":[],"fullName":"Button renders with default props","invocations":1,"location":null,"numPassingAsserts":1,"retryReasons":[],"startAt":1756932084586,"status":"passed","title":"renders with default props"},{"ancestorTitles":["Button"],"duration":120,"failing":false,"failureDetails":[],"failureMessages":[],"fullName":"Button handles click events","invocations":1,"location":null,"numPassingAsserts":1,"retryReasons":[],"startAt":1756932084790,"status":"passed","title":"handles click events"},{"ancestorTitles":["Button"],"duration":34,"failing":false,"failureDetails":[],"failureMessages":[],"fullName":"Button applies different variants","invocations":1,"location":null,"numPassingAsserts":2,"retryReasons":[],"startAt":1756932084912,"status":"passed","title":"applies different variants"},{"ancestorTitles":["Button"],"duration":26,"failing":false,"failureDetails":[],"failureMessages":[],"fullName":"Button applies different sizes","invocations":1,"location":null,"numPassingAsserts":2,"retryReasons":[],"startAt":1756932084948,"status":"passed","title":"applies different sizes"},{"ancestorTitles":["Button"],"duration":13,"failing":false,"failureDetails":[],"failureMessages":[],"fullName":"Button is disabled when disabled prop is true","invocations":1,"location":null,"numPassingAsserts":1,"retryReasons":[],"startAt":1756932084977,"status":"passed","title":"is disabled when disabled prop is true"}],"endTime":1756932084995,"message":"","name":"E:\\Shakour\\MyProjects\\GravityManagement\\frontend\\components\\ui\\__tests__\\Button.test.tsx","startTime":1756932083390,"status":"passed","summary":""}],"wasInterrupted":false}
